   WARN 2014/06/05 16:21:15.767191 main.go:149: Not modified: http://www.moko.cc/mtg/all/1.html
   WARN 2014/06/05 16:21:35.145657 main.go:149: Not modified: http://www.moko.cc/viki/
   WARN 2014/06/05 16:21:52.322748 main.go:149: Not modified: http://www.moko.cc/zmAction%7Cforward.action?actionkey=20140504_tegh&actionkey=20140504_tegh
   WARN 2014/06/05 16:21:52.457686 main.go:149: Not modified: http://www.moko.cc/zmAction%7Cforward.action?actionkey=20140420_loveBrussels&actionkey=20140420_loveBrussels
   WARN 2014/06/05 16:24:19.270888 main.go:149: Not modified: http://www.moko.cc/zhangmengcacy/
   WARN 2014/06/05 16:32:27.112573 main.go:149: Not modified: http://www.moko.cc/d1d2c1f9b8714eb6b36efa30a604aba4
   WARN 2014/06/05 16:32:27.268338 main.go:149: Not modified: http://www.moko.cc/ebdd883211b64023894057b7a27a8ac9
   WARN 2014/06/05 16:32:29.941153 main.go:149: Not modified: http://www.moko.cc/c6131f19db0e4c90aee023775a09d091
   WARN 2014/06/05 16:49:38.337278 main.go:149: Not modified: http://www.moko.cc/1296056672319/
   WARN 2014/06/05 16:51:15.729314 main.go:149: Not modified: http://www.moko.cc/1276346330722/
   WARN 2014/06/05 16:55:23.067324 main.go:149: Not modified: http://www.moko.cc/1293702427597/
   WARN 2014/06/05 17:00:15.107326 main.go:149: Not modified: http://www.moko.cc/1292479619521/
   WARN 2014/06/05 17:06:06.670172 main.go:149: Not modified: http://www.moko.cc/35142edc08c94f9586a88e227e8b0a2d/
   WARN 2014/06/05 17:06:07.988287 main.go:149: Not modified: http://www.moko.cc/32f362612e9c459595b8518aa95c696b/
   WARN 2014/06/05 17:06:08.219540 main.go:149: Not modified: http://www.moko.cc/133bb27e08034206a25e7de0740ca680/
   WARN 2014/06/05 17:06:09.093611 main.go:149: Not modified: http://www.moko.cc/4d643bc5808c4d27a40dfbc05afaece8/
   WARN 2014/06/05 17:06:09.248658 main.go:149: Not modified: http://www.moko.cc/1274277442754/
   WARN 2014/06/05 17:06:09.410331 main.go:149: Not modified: http://www.moko.cc/d4b2b79378f0488c84177e5639763e41/
   WARN 2014/06/05 17:06:09.572332 main.go:149: Not modified: http://www.moko.cc/7bfc7912af2d4cd7ada4e6c1d42d4939/
   WARN 2014/06/05 17:06:09.754290 main.go:149: Not modified: http://www.moko.cc/5325d632718e46f2a5ed0e8f4775f5b6/
   WARN 2014/06/05 17:06:10.129852 main.go:149: Not modified: http://www.moko.cc/e5ac4c1bcab341c6baa389e0bdc05e90/
   WARN 2014/06/05 17:06:10.278777 main.go:149: Not modified: http://www.moko.cc/ff0b2f9532514af1a3644a0a579325e4/
   WARN 2014/06/05 17:06:10.451485 main.go:149: Not modified: http://www.moko.cc/a10341ad342e47df81528faeb8e81337/
   WARN 2014/06/05 17:06:10.606389 main.go:149: Not modified: http://www.moko.cc/308031ba490a44688b324a5ea24f56f5/
   WARN 2014/06/05 17:06:10.760616 main.go:149: Not modified: http://www.moko.cc/4018aae09c9d43b3a5b8a134d65e8e84/
   WARN 2014/06/05 17:06:10.912817 main.go:149: Not modified: http://www.moko.cc/ab74fec639fc419a9c980b308cd53c56/
   WARN 2014/06/05 17:06:11.061297 main.go:149: Not modified: http://www.moko.cc/7eebf7dbd3db4535816e5d9c732f754b/
   WARN 2014/06/05 17:06:11.214450 main.go:149: Not modified: http://www.moko.cc/631ed414282e40a1a8825afc22dbfb5b/
   WARN 2014/06/05 17:06:11.376666 main.go:149: Not modified: http://www.moko.cc/3b09d29d13b64570babb84de16550eb8/
   WARN 2014/06/05 17:06:11.537486 main.go:149: Not modified: http://www.moko.cc/cbd7ee5a9f034aae99e556051afeb657/
   WARN 2014/06/05 17:06:11.687195 main.go:149: Not modified: http://www.moko.cc/7246ab7dc66544a2b44385d0cf88ca0f/
   WARN 2014/06/05 17:06:11.851565 main.go:149: Not modified: http://www.moko.cc/5c1be7c0d28245048ad23070a558c8e2/
   WARN 2014/06/05 17:06:12.000699 main.go:149: Not modified: http://www.moko.cc/f18f7034ed4742ec85f3a785695ff347/
   WARN 2014/06/05 17:06:12.158688 main.go:149: Not modified: http://www.moko.cc/b8a1adff25f34fc8afa84d08a83a8349/
   WARN 2014/06/05 17:06:12.332689 main.go:149: Not modified: http://www.moko.cc/84af673860e04f2e921e3c3ba6042f5f/
   WARN 2014/06/05 17:06:12.489861 main.go:149: Not modified: http://www.moko.cc/069135bb947245719fce2e02d3f2e7c8/
   WARN 2014/06/05 17:06:12.656238 main.go:149: Not modified: http://www.moko.cc/aaf6b2de628c449ea0fe04ffa72261de/
   WARN 2014/06/05 17:06:12.822725 main.go:149: Not modified: http://www.moko.cc/5fcbe31b03f446db9d8448263b4f52b7/
   WARN 2014/06/05 17:06:12.976829 main.go:149: Not modified: http://www.moko.cc/83b5270827c3407886f2bfd90c068b94/
   WARN 2014/06/05 17:06:13.834979 main.go:149: Not modified: http://www.moko.cc/0cdf0f0c918d4d8983a2b288a9baa224/
   WARN 2014/06/05 17:06:13.991451 main.go:149: Not modified: http://www.moko.cc/6b4e612b9f6241c78d07ec658d29399d/
   WARN 2014/06/05 17:06:14.165171 main.go:149: Not modified: http://www.moko.cc/97cf928bd91344c091f45e660661ba0c/
   WARN 2014/06/05 17:06:14.338670 main.go:149: Not modified: http://www.moko.cc/90490ba9663c43b59e153ac841721ff9/
   WARN 2014/06/05 17:06:14.489992 main.go:149: Not modified: http://www.moko.cc/0a2e97e7c234427c93fdfc94e92ace69/
   WARN 2014/06/05 17:06:14.635913 main.go:149: Not modified: http://www.moko.cc/0fbd9c2bd4374df794b0c9d1ccc99e27/
   WARN 2014/06/05 17:06:14.789306 main.go:149: Not modified: http://www.moko.cc/483a2cb19fe04676a3eded28a39ed334/
   WARN 2014/06/05 17:06:14.942790 main.go:149: Not modified: http://www.moko.cc/ded9feac8b984e078bf8beab4751f58e/
   WARN 2014/06/05 17:06:15.987694 main.go:149: Not modified: http://www.moko.cc/9cd20f7e380b49b58a66d57d261df814/
   WARN 2014/06/05 17:06:16.150559 main.go:149: Not modified: http://www.moko.cc/7b4482f91c37482b9a7f93e01192f637/
   WARN 2014/06/05 17:06:16.347803 main.go:149: Not modified: http://www.moko.cc/9416b6ba3fcd4f4fbfe98b4e414179c0/
   WARN 2014/06/05 17:06:16.499394 main.go:149: Not modified: http://www.moko.cc/2f3ff8325bdc4e9e846e533e352ec2ce/
   WARN 2014/06/05 17:06:17.350072 main.go:149: Not modified: http://www.moko.cc/3d17494242c54b6ba869c092a8eaac19/
   WARN 2014/06/05 17:06:17.509168 main.go:149: Not modified: http://www.moko.cc/808ccd3df8ec4b9d88541d15c6eeeca4/
   WARN 2014/06/05 17:06:17.681511 main.go:149: Not modified: http://www.moko.cc/d12257f5272f4b86a0a2e5cacc1cff28/
   WARN 2014/06/05 17:06:17.918425 main.go:149: Not modified: http://www.moko.cc/46edcfaf56bd49b5a5194acd6a092994/
   WARN 2014/06/05 17:06:18.097768 main.go:149: Not modified: http://www.moko.cc/04b31099b54b45078cb2b82c53527f31/
   WARN 2014/06/05 17:06:18.279939 main.go:149: Not modified: http://www.moko.cc/9506f0cfdc4d405485545dabf7f9e03d/
   WARN 2014/06/05 17:06:18.482841 main.go:149: Not modified: http://www.moko.cc/6381c2dd6a0644b69e3b155f4f52b3fd/
   WARN 2014/06/05 17:06:19.268898 main.go:149: Not modified: http://www.moko.cc/5797ac03bb544dbb92cfd1cd418c619a/
   WARN 2014/06/05 17:06:19.549860 main.go:149: Not modified: http://www.moko.cc/e8721786acfc4045a217b9f02260afeb/
   WARN 2014/06/05 17:06:19.877821 main.go:149: Not modified: http://www.moko.cc/d83cf63787444780a308a2db8fc56113/
   WARN 2014/06/05 17:06:20.080935 main.go:149: Not modified: http://www.moko.cc/bc0d070b25fa4bf7b3bf29e99fe5f15e/
   WARN 2014/06/05 17:06:20.829890 main.go:149: Not modified: http://www.moko.cc/ce18f1ab1c00474fb737e32efb57370e/
   WARN 2014/06/05 17:06:20.986281 main.go:149: Not modified: http://www.moko.cc/bfc34920c5414298bc2b5aeb62be6065/
   WARN 2014/06/05 17:06:21.127610 main.go:149: Not modified: http://www.moko.cc/2856f7df7f5e4800bcadcbea4bacff66/
   WARN 2014/06/05 17:06:21.276379 main.go:149: Not modified: http://www.moko.cc/df19692410a94bf89ae7671dfeaf3274/
   WARN 2014/06/05 17:06:21.419132 main.go:149: Not modified: http://www.moko.cc/564e9af724284bfbbf39d154bacd5273/
   WARN 2014/06/05 17:06:21.568941 main.go:149: Not modified: http://www.moko.cc/61a598c3d437425790be814ff5a1ba24/
   WARN 2014/06/05 17:06:21.713775 main.go:149: Not modified: http://www.moko.cc/4d675c23396b4805b921d19ef728888a/
   WARN 2014/06/05 17:06:21.869762 main.go:149: Not modified: http://www.moko.cc/9d8d8ef3ea324933baef290afbfae91b/
   WARN 2014/06/05 17:06:22.013021 main.go:149: Not modified: http://www.moko.cc/d88be22fbfeb42fba4a3d9eea6989462/
   WARN 2014/06/05 17:06:22.158970 main.go:149: Not modified: http://www.moko.cc/c204b53a8eac4bf79d93cf14832a0411/
   WARN 2014/06/05 17:06:22.331950 main.go:149: Not modified: http://www.moko.cc/cd6a127b645842d687a3f6ea66293fd5/
   WARN 2014/06/05 17:06:22.499862 main.go:149: Not modified: http://www.moko.cc/17b15a3fda2749e3b67cb6d29e6a48b5/
   WARN 2014/06/05 17:06:22.642292 main.go:149: Not modified: http://www.moko.cc/6e186006223a44e392f71dbe553e3741/
   WARN 2014/06/05 17:06:23.013290 main.go:149: Not modified: http://www.moko.cc/cab0c9957155489c82e9ef95886125d2/
   WARN 2014/06/05 17:06:23.508661 main.go:149: Not modified: http://www.moko.cc/c242bf983cd6491a9592437648ae59a5/
   WARN 2014/06/05 17:06:23.761174 main.go:149: Not modified: http://www.moko.cc/0f33e680989043a9847c51c50f12e09d/
   WARN 2014/06/05 17:06:25.061640 main.go:149: Not modified: http://www.moko.cc/1275385851217/
   WARN 2014/06/05 17:06:25.204696 main.go:149: Not modified: http://www.moko.cc/1288668787651/
   WARN 2014/06/05 17:06:25.397535 main.go:149: Not modified: http://www.moko.cc/5ee03560bc1548cab821175640d22eff/
   WARN 2014/06/05 17:12:54.281780 main.go:149: Not modified: http://www.moko.cc/lichujun/index.html
   WARN 2014/06/05 17:12:55.000562 main.go:149: Not modified: http://www.moko.cc/lesleyMa/index.html
   WARN 2014/06/05 17:12:55.747173 main.go:149: Not modified: http://www.moko.cc/lanxiaoxue/index.html
   WARN 2014/06/05 17:12:56.198368 main.go:149: Not modified: http://www.moko.cc/missseven/index.html
   WARN 2014/06/05 17:12:57.028503 main.go:149: Not modified: http://www.moko.cc/ElenaZMJ/index.html
   WARN 2014/06/05 17:12:57.725014 main.go:149: Not modified: http://www.moko.cc/ANGELLYNN/index.html
   WARN 2014/06/05 17:12:57.851986 main.go:149: Not modified: http://www.moko.cc/chenzijia/index.html
   WARN 2014/06/05 17:12:58.610894 main.go:149: Not modified: http://www.moko.cc/MOKOLIUYAN/index.html
   WARN 2014/06/05 17:12:59.339026 main.go:149: Not modified: http://www.moko.cc/CUMOH/index.html
   WARN 2014/06/05 17:13:00.083747 main.go:149: Not modified: http://www.moko.cc/charm92/index.html
   WARN 2014/06/05 17:13:00.844847 main.go:149: Not modified: http://www.moko.cc/zihan1102/index.html
   WARN 2014/06/05 17:13:01.432099 main.go:149: Not modified: http://www.moko.cc/0121/index.html
   WARN 2014/06/05 17:30:27.385572 main.go:149: Not modified: http://www.moko.cc/1279328505605/
   WARN 2014/06/05 17:39:48.324163 main.go:149: Not modified: http://www.moko.cc/a12ba983069f4d358f3e652983cc69e9/
   WARN 2014/06/05 17:41:02.781505 main.go:149: Not modified: http://www.moko.cc/1276971877879/
   WARN 2014/06/05 17:42:48.874551 main.go:149: Not modified: http://www.moko.cc/post/628305.html
   WARN 2014/06/05 17:42:56.980189 main.go:149: Not modified: http://www.moko.cc/1296198787532/
   WARN 2014/06/05 17:47:20.021650 main.go:149: Not modified: http://www.moko.cc/1276600950687/
   WARN 2014/06/05 17:48:06.021958 main.go:149: Not modified: http://www.moko.cc/1275198371478/
   WARN 2014/06/05 17:48:09.952436 main.go:149: Not modified: http://www.moko.cc/1287322880964/
   WARN 2014/06/05 17:49:00.035990 main.go:149: Not modified: http://www.moko.cc/1297402623141/
   WARN 2014/06/05 17:49:01.047469 main.go:149: Not modified: http://www.moko.cc/1298792600245/
   WARN 2014/06/05 17:49:26.789363 main.go:149: Not modified: http://www.moko.cc/1281651490046/
   WARN 2014/06/05 17:49:27.253658 main.go:149: Not modified: http://www.moko.cc/1277244494694/
   WARN 2014/06/05 17:49:28.277338 main.go:149: Not modified: http://www.moko.cc/1289135034817/
   WARN 2014/06/05 17:49:29.806747 main.go:149: Not modified: http://www.moko.cc/1289191253251/
   WARN 2014/06/05 17:50:12.091657 main.go:149: Not modified: http://www.moko.cc/1282980410631/
   WARN 2014/06/05 17:50:17.774571 main.go:149: Not modified: http://www.moko.cc/1275664148610/
   WARN 2014/06/05 17:50:41.058314 main.go:149: Not modified: http://www.moko.cc/1276321207581/
   WARN 2014/06/05 17:51:40.982030 main.go:149: Not modified: http://www.moko.cc/1288769881809/
   WARN 2014/06/05 17:51:42.514307 main.go:149: Not modified: http://www.moko.cc/1292207832455/
   WARN 2014/06/05 17:51:45.077939 main.go:149: Not modified: http://www.moko.cc/200745e5d3bc4927a8f580a4a792e0bb/
   WARN 2014/06/05 17:51:48.273640 main.go:149: Not modified: http://www.moko.cc/65d156f553f142d9a436b8d66345dd08/
   WARN 2014/06/05 17:51:49.743823 main.go:149: Not modified: http://www.moko.cc/1f9ed1203bfb4beb8ecc1ede0f95bf95/
   WARN 2014/06/05 17:51:53.172796 main.go:149: Not modified: http://www.moko.cc/1283175306935/
   WARN 2014/06/05 17:53:36.768599 main.go:149: Not modified: http://www.moko.cc/1277183856535/
   WARN 2014/06/05 17:53:36.928574 main.go:149: Not modified: http://www.moko.cc/1277187754041/
   WARN 2014/06/05 17:53:47.596299 main.go:149: Not modified: http://www.moko.cc/1274518680138/
   WARN 2014/06/05 17:54:25.001531 main.go:149: Not modified: http://www.moko.cc/1291485932655/
   WARN 2014/06/05 17:54:48.108670 main.go:149: Not modified: http://www.moko.cc/1289653349315/
   WARN 2014/06/05 17:58:08.727202 main.go:149: Not modified: http://www.moko.cc/1276349156139/
   WARN 2014/06/05 17:58:53.876513 main.go:149: Not modified: http://www.moko.cc/1274368366761/
   WARN 2014/06/05 17:59:01.479924 main.go:149: Not modified: http://www.moko.cc/1277183678709/
   WARN 2014/06/05 18:00:10.913694 main.go:149: Not modified: http://www.moko.cc/1279600632633/
   WARN 2014/06/05 18:01:04.939890 main.go:149: Not modified: http://www.moko.cc/1300794113832/
   WARN 2014/06/05 18:01:07.900825 main.go:149: Not modified: http://www.moko.cc/1300844078178/
